2025-07-21 22:02:09,511 [Worker-2: Loading available Gradle versions] INFO  o.e.b.c.i.u.g.PublishedGradleVersions - Gradle version information cache is not available. Remote download required.
2025-07-21 22:03:18,342 [Worker-0: Importing Maven projects] INFO  o.e.m.c.i.l.LifecycleMappingFactory - Using org.eclipse.m2e.jdt.JarLifecycleMapping lifecycle mapping for MavenProject: com.cognizant:account:0.0.1-SNAPSHOT @ C:\Users\Admin\Documents\cognizant exercise output\Week 5\22ADR003\microservices\account\pom.xml.
2025-07-21 22:03:29,225 [Worker-0: Importing Maven projects] INFO  o.e.m.j.i.AbstractJavaProjectConfigurator - Adding source folder /account/src/main/java
2025-07-21 22:03:29,229 [Worker-0: Importing Maven projects] INFO  o.e.m.j.i.AbstractJavaProjectConfigurator - Adding resource folder /account/src/main/resources
2025-07-21 22:03:29,247 [Worker-0: Importing Maven projects] INFO  o.e.m.j.i.AbstractJavaProjectConfigurator - Adding resource folder /account/src/main/resources
2025-07-21 22:03:31,962 [Worker-0: Importing Maven projects] INFO  o.e.m.j.i.AbstractJavaProjectConfigurator - Adding source folder /account/src/test/java
2025-07-21 22:03:31,964 [Worker-0: Importing Maven projects] INFO  o.e.m.j.i.AbstractJavaProjectConfigurator - Adding resource folder /account/src/test/resources
2025-07-21 22:03:40,866 [Worker-0: Importing Maven projects] INFO  o.e.m.c.i.p.ProjectConfigurationManager - Imported and configured 1 project(s) in 34 sec
2025-07-21 22:03:43,334 [Worker-11: Building] INFO  o.a.m.s.f.DefaultMavenResourcesFiltering - Copying 1 resource from src\main\resources to target\classes
2025-07-21 22:03:43,391 [Worker-11: Building] INFO  o.a.m.s.f.DefaultMavenResourcesFiltering - Copying 0 resource from src\main\resources to target\classes
2025-07-21 22:03:43,402 [Worker-11: Building] INFO  o.a.m.s.f.DefaultMavenResourcesFiltering - skip non existing resourceDirectory C:\Users\Admin\Documents\cognizant exercise output\Week 5\22ADR003\microservices\account\src\test\resources
2025-07-21 22:05:12,680 [Worker-10: Building] INFO  o.a.m.s.f.DefaultMavenResourcesFiltering - Copying 0 resource from src\main\resources to target\classes
2025-07-21 22:05:12,683 [Worker-10: Building] INFO  o.a.m.s.f.DefaultMavenResourcesFiltering - Copying 0 resource from src\main\resources to target\classes
2025-07-21 22:05:12,689 [Worker-10: Building] INFO  o.a.m.s.f.DefaultMavenResourcesFiltering - skip non existing resourceDirectory C:\Users\Admin\Documents\cognizant exercise output\Week 5\22ADR003\microservices\account\src\test\resources
2025-07-21 22:05:35,345 [Worker-6: Building] INFO  o.a.m.s.f.DefaultMavenResourcesFiltering - Copying 1 resource from src\main\resources to target\classes
2025-07-21 22:05:35,356 [Worker-6: Building] INFO  o.a.m.s.f.DefaultMavenResourcesFiltering - Copying 0 resource from src\main\resources to target\classes
2025-07-21 22:05:35,366 [Worker-6: Building] INFO  o.a.m.s.f.DefaultMavenResourcesFiltering - skip non existing resourceDirectory C:\Users\Admin\Documents\cognizant exercise output\Week 5\22ADR003\microservices\account\src\test\resources
2025-07-21 22:06:17,190 [main] INFO  o.e.m2e.actions.ExecutePomAction - Creating new launch configuration
2025-07-21 22:06:32,311 [Worker-7: Launching Executing test in C__Users_Admin_Documents_cognizant exercise output_Week 5_22ADR003_microservices_account] INFO  o.eclipse.m2e.core.internal.Bundles - getClasspathEntries(Bundle=org.eclipse.m2e.maven.runtime_3.9.900.20250220-2013 [298])
2025-07-21 22:06:32,313 [Worker-7: Launching Executing test in C__Users_Admin_Documents_cognizant exercise output_Week 5_22ADR003_microservices_account] INFO  o.eclipse.m2e.core.internal.Bundles - 	Entry: C:\Users\Admin\.p2\pool\plugins\org.eclipse.m2e.maven.runtime_3.9.900.20250220-2013
2025-07-21 22:06:32,314 [Worker-7: Launching Executing test in C__Users_Admin_Documents_cognizant exercise output_Week 5_22ADR003_microservices_account] INFO  o.eclipse.m2e.core.internal.Bundles - 	Entry: C:\Users\Admin\.p2\pool\plugins\org.eclipse.m2e.maven.runtime_3.9.900.20250220-2013\jars\aopalliance-1.0.jar
2025-07-21 22:06:32,315 [Worker-7: Launching Executing test in C__Users_Admin_Documents_cognizant exercise output_Week 5_22ADR003_microservices_account] INFO  o.eclipse.m2e.core.internal.Bundles - 	Entry: C:\Users\Admin\.p2\pool\plugins\org.eclipse.m2e.maven.runtime_3.9.900.20250220-2013\jars\guice-5.1.0.jar
2025-07-21 22:06:32,315 [Worker-7: Launching Executing test in C__Users_Admin_Documents_cognizant exercise output_Week 5_22ADR003_microservices_account] INFO  o.eclipse.m2e.core.internal.Bundles - 	Entry: C:\Users\Admin\.p2\pool\plugins\org.eclipse.m2e.maven.runtime_3.9.900.20250220-2013\jars\httpclient-4.5.14.jar
2025-07-21 22:06:32,316 [Worker-7: Launching Executing test in C__Users_Admin_Documents_cognizant exercise output_Week 5_22ADR003_microservices_account] INFO  o.eclipse.m2e.core.internal.Bundles - 	Entry: C:\Users\Admin\.p2\pool\plugins\org.eclipse.m2e.maven.runtime_3.9.900.20250220-2013\jars\httpcore-4.4.16.jar
2025-07-21 22:06:32,316 [Worker-7: Launching Executing test in C__Users_Admin_Documents_cognizant exercise output_Week 5_22ADR003_microservices_account] INFO  o.eclipse.m2e.core.internal.Bundles - 	Entry: C:\Users\Admin\.p2\pool\plugins\org.eclipse.m2e.maven.runtime_3.9.900.20250220-2013\jars\jansi-2.4.1.jar
2025-07-21 22:06:32,317 [Worker-7: Launching Executing test in C__Users_Admin_Documents_cognizant exercise output_Week 5_22ADR003_microservices_account] INFO  o.eclipse.m2e.core.internal.Bundles - 	Entry: C:\Users\Admin\.p2\pool\plugins\org.eclipse.m2e.maven.runtime_3.9.900.20250220-2013\jars\jcl-over-slf4j-1.7.36.jar
2025-07-21 22:06:32,317 [Worker-7: Launching Executing test in C__Users_Admin_Documents_cognizant exercise output_Week 5_22ADR003_microservices_account] INFO  o.eclipse.m2e.core.internal.Bundles - 	Entry: C:\Users\Admin\.p2\pool\plugins\org.eclipse.m2e.maven.runtime_3.9.900.20250220-2013\jars\maven-artifact-3.9.9.jar
2025-07-21 22:06:32,317 [Worker-7: Launching Executing test in C__Users_Admin_Documents_cognizant exercise output_Week 5_22ADR003_microservices_account] INFO  o.eclipse.m2e.core.internal.Bundles - 	Entry: C:\Users\Admin\.p2\pool\plugins\org.eclipse.m2e.maven.runtime_3.9.900.20250220-2013\jars\maven-builder-support-3.9.9.jar
2025-07-21 22:06:32,318 [Worker-7: Launching Executing test in C__Users_Admin_Documents_cognizant exercise output_Week 5_22ADR003_microservices_account] INFO  o.eclipse.m2e.core.internal.Bundles - 	Entry: C:\Users\Admin\.p2\pool\plugins\org.eclipse.m2e.maven.runtime_3.9.900.20250220-2013\jars\maven-compat-3.9.9.jar
2025-07-21 22:06:32,318 [Worker-7: Launching Executing test in C__Users_Admin_Documents_cognizant exercise output_Week 5_22ADR003_microservices_account] INFO  o.eclipse.m2e.core.internal.Bundles - 	Entry: C:\Users\Admin\.p2\pool\plugins\org.eclipse.m2e.maven.runtime_3.9.900.20250220-2013\jars\maven-core-3.9.9.jar
2025-07-21 22:06:32,318 [Worker-7: Launching Executing test in C__Users_Admin_Documents_cognizant exercise output_Week 5_22ADR003_microservices_account] INFO  o.eclipse.m2e.core.internal.Bundles - 	Entry: C:\Users\Admin\.p2\pool\plugins\org.eclipse.m2e.maven.runtime_3.9.900.20250220-2013\jars\maven-embedder-3.9.9.jar
2025-07-21 22:06:32,319 [Worker-7: Launching Executing test in C__Users_Admin_Documents_cognizant exercise output_Week 5_22ADR003_microservices_account] INFO  o.eclipse.m2e.core.internal.Bundles - 	Entry: C:\Users\Admin\.p2\pool\plugins\org.eclipse.m2e.maven.runtime_3.9.900.20250220-2013\jars\maven-model-3.9.9.jar
2025-07-21 22:06:32,319 [Worker-7: Launching Executing test in C__Users_Admin_Documents_cognizant exercise output_Week 5_22ADR003_microservices_account] INFO  o.eclipse.m2e.core.internal.Bundles - 	Entry: C:\Users\Admin\.p2\pool\plugins\org.eclipse.m2e.maven.runtime_3.9.900.20250220-2013\jars\maven-model-builder-3.9.9.jar
2025-07-21 22:06:32,319 [Worker-7: Launching Executing test in C__Users_Admin_Documents_cognizant exercise output_Week 5_22ADR003_microservices_account] INFO  o.eclipse.m2e.core.internal.Bundles - 	Entry: C:\Users\Admin\.p2\pool\plugins\org.eclipse.m2e.maven.runtime_3.9.900.20250220-2013\jars\maven-plugin-api-3.9.9.jar
2025-07-21 22:06:32,320 [Worker-7: Launching Executing test in C__Users_Admin_Documents_cognizant exercise output_Week 5_22ADR003_microservices_account] INFO  o.eclipse.m2e.core.internal.Bundles - 	Entry: C:\Users\Admin\.p2\pool\plugins\org.eclipse.m2e.maven.runtime_3.9.900.20250220-2013\jars\maven-repository-metadata-3.9.9.jar
2025-07-21 22:06:32,320 [Worker-7: Launching Executing test in C__Users_Admin_Documents_cognizant exercise output_Week 5_22ADR003_microservices_account] INFO  o.eclipse.m2e.core.internal.Bundles - 	Entry: C:\Users\Admin\.p2\pool\plugins\org.eclipse.m2e.maven.runtime_3.9.900.20250220-2013\jars\maven-resolver-api-1.9.22.jar
2025-07-21 22:06:32,321 [Worker-7: Launching Executing test in C__Users_Admin_Documents_cognizant exercise output_Week 5_22ADR003_microservices_account] INFO  o.eclipse.m2e.core.internal.Bundles - 	Entry: C:\Users\Admin\.p2\pool\plugins\org.eclipse.m2e.maven.runtime_3.9.900.20250220-2013\jars\maven-resolver-connector-basic-1.9.22.jar
2025-07-21 22:06:32,321 [Worker-7: Launching Executing test in C__Users_Admin_Documents_cognizant exercise output_Week 5_22ADR003_microservices_account] INFO  o.eclipse.m2e.core.internal.Bundles - 	Entry: C:\Users\Admin\.p2\pool\plugins\org.eclipse.m2e.maven.runtime_3.9.900.20250220-2013\jars\maven-resolver-impl-1.9.22.jar
2025-07-21 22:06:32,322 [Worker-7: Launching Executing test in C__Users_Admin_Documents_cognizant exercise output_Week 5_22ADR003_microservices_account] INFO  o.eclipse.m2e.core.internal.Bundles - 	Entry: C:\Users\Admin\.p2\pool\plugins\org.eclipse.m2e.maven.runtime_3.9.900.20250220-2013\jars\maven-resolver-named-locks-1.9.22.jar
2025-07-21 22:06:32,322 [Worker-7: Launching Executing test in C__Users_Admin_Documents_cognizant exercise output_Week 5_22ADR003_microservices_account] INFO  o.eclipse.m2e.core.internal.Bundles - 	Entry: C:\Users\Admin\.p2\pool\plugins\org.eclipse.m2e.maven.runtime_3.9.900.20250220-2013\jars\maven-resolver-provider-3.9.9.jar
2025-07-21 22:06:32,323 [Worker-7: Launching Executing test in C__Users_Admin_Documents_cognizant exercise output_Week 5_22ADR003_microservices_account] INFO  o.eclipse.m2e.core.internal.Bundles - 	Entry: C:\Users\Admin\.p2\pool\plugins\org.eclipse.m2e.maven.runtime_3.9.900.20250220-2013\jars\maven-resolver-spi-1.9.22.jar
2025-07-21 22:06:32,323 [Worker-7: Launching Executing test in C__Users_Admin_Documents_cognizant exercise output_Week 5_22ADR003_microservices_account] INFO  o.eclipse.m2e.core.internal.Bundles - 	Entry: C:\Users\Admin\.p2\pool\plugins\org.eclipse.m2e.maven.runtime_3.9.900.20250220-2013\jars\maven-resolver-transport-file-1.9.22.jar
2025-07-21 22:06:32,323 [Worker-7: Launching Executing test in C__Users_Admin_Documents_cognizant exercise output_Week 5_22ADR003_microservices_account] INFO  o.eclipse.m2e.core.internal.Bundles - 	Entry: C:\Users\Admin\.p2\pool\plugins\org.eclipse.m2e.maven.runtime_3.9.900.20250220-2013\jars\maven-resolver-transport-http-1.9.22.jar
2025-07-21 22:06:32,324 [Worker-7: Launching Executing test in C__Users_Admin_Documents_cognizant exercise output_Week 5_22ADR003_microservices_account] INFO  o.eclipse.m2e.core.internal.Bundles - 	Entry: C:\Users\Admin\.p2\pool\plugins\org.eclipse.m2e.maven.runtime_3.9.900.20250220-2013\jars\maven-resolver-transport-wagon-1.9.22.jar
2025-07-21 22:06:32,324 [Worker-7: Launching Executing test in C__Users_Admin_Documents_cognizant exercise output_Week 5_22ADR003_microservices_account] INFO  o.eclipse.m2e.core.internal.Bundles - 	Entry: C:\Users\Admin\.p2\pool\plugins\org.eclipse.m2e.maven.runtime_3.9.900.20250220-2013\jars\maven-resolver-util-1.9.22.jar
2025-07-21 22:06:32,324 [Worker-7: Launching Executing test in C__Users_Admin_Documents_cognizant exercise output_Week 5_22ADR003_microservices_account] INFO  o.eclipse.m2e.core.internal.Bundles - 	Entry: C:\Users\Admin\.p2\pool\plugins\org.eclipse.m2e.maven.runtime_3.9.900.20250220-2013\jars\maven-settings-3.9.9.jar
2025-07-21 22:06:32,324 [Worker-7: Launching Executing test in C__Users_Admin_Documents_cognizant exercise output_Week 5_22ADR003_microservices_account] INFO  o.eclipse.m2e.core.internal.Bundles - 	Entry: C:\Users\Admin\.p2\pool\plugins\org.eclipse.m2e.maven.runtime_3.9.900.20250220-2013\jars\maven-settings-builder-3.9.9.jar
2025-07-21 22:06:32,325 [Worker-7: Launching Executing test in C__Users_Admin_Documents_cognizant exercise output_Week 5_22ADR003_microservices_account] INFO  o.eclipse.m2e.core.internal.Bundles - 	Entry: C:\Users\Admin\.p2\pool\plugins\org.eclipse.m2e.maven.runtime_3.9.900.20250220-2013\jars\maven-shared-utils-3.4.2.jar
2025-07-21 22:06:32,325 [Worker-7: Launching Executing test in C__Users_Admin_Documents_cognizant exercise output_Week 5_22ADR003_microservices_account] INFO  o.eclipse.m2e.core.internal.Bundles - 	Entry: C:\Users\Admin\.p2\pool\plugins\org.eclipse.m2e.maven.runtime_3.9.900.20250220-2013\jars\org.eclipse.sisu.inject-0.9.0.M3.jar
2025-07-21 22:06:32,325 [Worker-7: Launching Executing test in C__Users_Admin_Documents_cognizant exercise output_Week 5_22ADR003_microservices_account] INFO  o.eclipse.m2e.core.internal.Bundles - 	Entry: C:\Users\Admin\.p2\pool\plugins\org.eclipse.m2e.maven.runtime_3.9.900.20250220-2013\jars\org.eclipse.sisu.plexus-0.9.0.M3.jar
2025-07-21 22:06:32,326 [Worker-7: Launching Executing test in C__Users_Admin_Documents_cognizant exercise output_Week 5_22ADR003_microservices_account] INFO  o.eclipse.m2e.core.internal.Bundles - 	Entry: C:\Users\Admin\.p2\pool\plugins\org.eclipse.m2e.maven.runtime_3.9.900.20250220-2013\jars\plexus-build-api-0.0.7.jar
2025-07-21 22:06:32,326 [Worker-7: Launching Executing test in C__Users_Admin_Documents_cognizant exercise output_Week 5_22ADR003_microservices_account] INFO  o.eclipse.m2e.core.internal.Bundles - 	Entry: C:\Users\Admin\.p2\pool\plugins\org.eclipse.m2e.maven.runtime_3.9.900.20250220-2013\jars\plexus-build-api-1.2.0.jar
2025-07-21 22:06:32,326 [Worker-7: Launching Executing test in C__Users_Admin_Documents_cognizant exercise output_Week 5_22ADR003_microservices_account] INFO  o.eclipse.m2e.core.internal.Bundles - 	Entry: C:\Users\Admin\.p2\pool\plugins\org.eclipse.m2e.maven.runtime_3.9.900.20250220-2013\jars\plexus-cipher-2.0.jar
2025-07-21 22:06:32,327 [Worker-7: Launching Executing test in C__Users_Admin_Documents_cognizant exercise output_Week 5_22ADR003_microservices_account] INFO  o.eclipse.m2e.core.internal.Bundles - 	Entry: C:\Users\Admin\.p2\pool\plugins\org.eclipse.m2e.maven.runtime_3.9.900.20250220-2013\jars\plexus-classworlds-2.8.0.jar
2025-07-21 22:06:32,327 [Worker-7: Launching Executing test in C__Users_Admin_Documents_cognizant exercise output_Week 5_22ADR003_microservices_account] INFO  o.eclipse.m2e.core.internal.Bundles - 	Entry: C:\Users\Admin\.p2\pool\plugins\org.eclipse.m2e.maven.runtime_3.9.900.20250220-2013\jars\plexus-component-annotations-2.1.0.jar
2025-07-21 22:06:32,327 [Worker-7: Launching Executing test in C__Users_Admin_Documents_cognizant exercise output_Week 5_22ADR003_microservices_account] INFO  o.eclipse.m2e.core.internal.Bundles - 	Entry: C:\Users\Admin\.p2\pool\plugins\org.eclipse.m2e.maven.runtime_3.9.900.20250220-2013\jars\plexus-interpolation-1.27.jar
2025-07-21 22:06:32,327 [Worker-7: Launching Executing test in C__Users_Admin_Documents_cognizant exercise output_Week 5_22ADR003_microservices_account] INFO  o.eclipse.m2e.core.internal.Bundles - 	Entry: C:\Users\Admin\.p2\pool\plugins\org.eclipse.m2e.maven.runtime_3.9.900.20250220-2013\jars\plexus-sec-dispatcher-2.0.jar
2025-07-21 22:06:32,328 [Worker-7: Launching Executing test in C__Users_Admin_Documents_cognizant exercise output_Week 5_22ADR003_microservices_account] INFO  o.eclipse.m2e.core.internal.Bundles - 	Entry: C:\Users\Admin\.p2\pool\plugins\org.eclipse.m2e.maven.runtime_3.9.900.20250220-2013\jars\plexus-utils-3.5.1.jar
2025-07-21 22:06:32,328 [Worker-7: Launching Executing test in C__Users_Admin_Documents_cognizant exercise output_Week 5_22ADR003_microservices_account] INFO  o.eclipse.m2e.core.internal.Bundles - 	Entry: C:\Users\Admin\.p2\pool\plugins\org.eclipse.m2e.maven.runtime_3.9.900.20250220-2013\jars\plexus-xml-3.0.1.jar
2025-07-21 22:06:32,329 [Worker-7: Launching Executing test in C__Users_Admin_Documents_cognizant exercise output_Week 5_22ADR003_microservices_account] INFO  o.eclipse.m2e.core.internal.Bundles - 	Entry: C:\Users\Admin\.p2\pool\plugins\org.eclipse.m2e.maven.runtime_3.9.900.20250220-2013\jars\wagon-file-3.5.3.jar
2025-07-21 22:06:32,329 [Worker-7: Launching Executing test in C__Users_Admin_Documents_cognizant exercise output_Week 5_22ADR003_microservices_account] INFO  o.eclipse.m2e.core.internal.Bundles - 	Entry: C:\Users\Admin\.p2\pool\plugins\org.eclipse.m2e.maven.runtime_3.9.900.20250220-2013\jars\wagon-http-3.5.3.jar
2025-07-21 22:06:32,329 [Worker-7: Launching Executing test in C__Users_Admin_Documents_cognizant exercise output_Week 5_22ADR003_microservices_account] INFO  o.eclipse.m2e.core.internal.Bundles - 	Entry: C:\Users\Admin\.p2\pool\plugins\org.eclipse.m2e.maven.runtime_3.9.900.20250220-2013\jars\wagon-http-shared-3.5.3.jar
2025-07-21 22:06:32,330 [Worker-7: Launching Executing test in C__Users_Admin_Documents_cognizant exercise output_Week 5_22ADR003_microservices_account] INFO  o.eclipse.m2e.core.internal.Bundles - 	Entry: C:\Users\Admin\.p2\pool\plugins\org.eclipse.m2e.maven.runtime_3.9.900.20250220-2013\jars\wagon-provider-api-3.5.3.jar
2025-07-21 22:06:32,333 [Worker-7: Launching Executing test in C__Users_Admin_Documents_cognizant exercise output_Week 5_22ADR003_microservices_account] INFO  o.eclipse.m2e.core.internal.Bundles - getClasspathEntries(Bundle=com.google.guava_33.4.8.jre [539])
2025-07-21 22:06:32,334 [Worker-7: Launching Executing test in C__Users_Admin_Documents_cognizant exercise output_Week 5_22ADR003_microservices_account] INFO  o.eclipse.m2e.core.internal.Bundles - 	Entry: C:\Users\Admin\.p2\pool\plugins\com.google.guava_33.4.8.jre.jar
2025-07-21 22:06:32,334 [Worker-7: Launching Executing test in C__Users_Admin_Documents_cognizant exercise output_Week 5_22ADR003_microservices_account] INFO  o.eclipse.m2e.core.internal.Bundles - getClasspathEntries(Bundle=slf4j.api_2.0.17 [522])
2025-07-21 22:06:32,335 [Worker-7: Launching Executing test in C__Users_Admin_Documents_cognizant exercise output_Week 5_22ADR003_microservices_account] INFO  o.eclipse.m2e.core.internal.Bundles - 	Entry: C:\Users\Admin\.p2\pool\plugins\slf4j.api_2.0.17.jar
2025-07-21 22:06:32,336 [Worker-7: Launching Executing test in C__Users_Admin_Documents_cognizant exercise output_Week 5_22ADR003_microservices_account] INFO  o.eclipse.m2e.core.internal.Bundles - getClasspathEntries(Bundle=jakarta.inject.jakarta.inject-api_1.0.5 [24])
2025-07-21 22:06:32,337 [Worker-7: Launching Executing test in C__Users_Admin_Documents_cognizant exercise output_Week 5_22ADR003_microservices_account] INFO  o.eclipse.m2e.core.internal.Bundles - 	Entry: C:\Users\Admin\.p2\pool\plugins\jakarta.inject.jakarta.inject-api_1.0.5.jar
2025-07-21 22:06:32,337 [Worker-7: Launching Executing test in C__Users_Admin_Documents_cognizant exercise output_Week 5_22ADR003_microservices_account] INFO  o.eclipse.m2e.core.internal.Bundles - getClasspathEntries(Bundle=javax.annotation_1.3.5.v20200909-1856 [549])
2025-07-21 22:06:32,338 [Worker-7: Launching Executing test in C__Users_Admin_Documents_cognizant exercise output_Week 5_22ADR003_microservices_account] INFO  o.eclipse.m2e.core.internal.Bundles - 	Entry: C:\Users\Admin\.p2\pool\plugins\javax.annotation_1.3.5.v20200909-1856.jar
2025-07-21 22:06:32,338 [Worker-7: Launching Executing test in C__Users_Admin_Documents_cognizant exercise output_Week 5_22ADR003_microservices_account] INFO  o.eclipse.m2e.core.internal.Bundles - getClasspathEntries(Bundle=org.apache.commons.cli_1.9.0 [48])
2025-07-21 22:06:32,339 [Worker-7: Launching Executing test in C__Users_Admin_Documents_cognizant exercise output_Week 5_22ADR003_microservices_account] INFO  o.eclipse.m2e.core.internal.Bundles - 	Entry: C:\Users\Admin\.p2\pool\plugins\org.apache.commons.cli_1.9.0.jar
2025-07-21 22:06:32,339 [Worker-7: Launching Executing test in C__Users_Admin_Documents_cognizant exercise output_Week 5_22ADR003_microservices_account] INFO  o.eclipse.m2e.core.internal.Bundles - getClasspathEntries(Bundle=org.apache.commons.commons-codec_1.16.0 [49])
2025-07-21 22:06:32,340 [Worker-7: Launching Executing test in C__Users_Admin_Documents_cognizant exercise output_Week 5_22ADR003_microservices_account] INFO  o.eclipse.m2e.core.internal.Bundles - 	Entry: C:\Users\Admin\.p2\pool\plugins\org.apache.commons.commons-codec_1.16.0.jar
2025-07-21 22:06:32,340 [Worker-7: Launching Executing test in C__Users_Admin_Documents_cognizant exercise output_Week 5_22ADR003_microservices_account] INFO  o.eclipse.m2e.core.internal.Bundles - getClasspathEntries(Bundle=com.google.guava.failureaccess_1.0.3 [540])
2025-07-21 22:06:32,341 [Worker-7: Launching Executing test in C__Users_Admin_Documents_cognizant exercise output_Week 5_22ADR003_microservices_account] INFO  o.eclipse.m2e.core.internal.Bundles - 	Entry: C:\Users\Admin\.p2\pool\plugins\com.google.guava.failureaccess_1.0.3.jar
2025-07-21 22:06:32,360 [Worker-7: Launching Executing test in C__Users_Admin_Documents_cognizant exercise output_Week 5_22ADR003_microservices_account] INFO  o.e.m.i.launch.MavenLaunchDelegate - Run build in "C:\Users\Admin\Documents\cognizant exercise output\Week 5\22ADR003\microservices\account":
2025-07-21 22:06:32,391 [Worker-7: Launching Executing test in C__Users_Admin_Documents_cognizant exercise output_Week 5_22ADR003_microservices_account] INFO  o.e.m.i.launch.MavenLaunchDelegate -  mvn  -B -Dstyle.color=always test
2025-07-21 22:07:16,443 [Worker-9: Building] INFO  o.a.m.s.f.DefaultMavenResourcesFiltering - Copying 1 resource from src\main\resources to target\classes
2025-07-21 22:07:16,447 [Worker-9: Building] INFO  o.a.m.s.f.DefaultMavenResourcesFiltering - Copying 0 resource from src\main\resources to target\classes
2025-07-21 22:07:16,453 [Worker-9: Building] INFO  o.a.m.s.f.DefaultMavenResourcesFiltering - skip non existing resourceDirectory C:\Users\Admin\Documents\cognizant exercise output\Week 5\22ADR003\microservices\account\src\test\resources
2025-07-21 22:11:22,371 [Worker-4: Importing Maven projects] INFO  o.e.m.c.i.l.LifecycleMappingFactory - Using org.eclipse.m2e.jdt.JarLifecycleMapping lifecycle mapping for MavenProject: com.cognizant:loan:0.0.1-SNAPSHOT @ C:\Users\Admin\Documents\cognizant exercise output\Week 5\22ADR003\microservices\loan\pom.xml.
2025-07-21 22:11:23,567 [Worker-4: Importing Maven projects] INFO  o.e.m.j.i.AbstractJavaProjectConfigurator - Adding source folder /loan/src/main/java
2025-07-21 22:11:23,569 [Worker-4: Importing Maven projects] INFO  o.e.m.j.i.AbstractJavaProjectConfigurator - Adding resource folder /loan/src/main/resources
2025-07-21 22:11:23,592 [Worker-4: Importing Maven projects] INFO  o.e.m.j.i.AbstractJavaProjectConfigurator - Adding resource folder /loan/src/main/resources
2025-07-21 22:11:23,616 [Worker-4: Importing Maven projects] INFO  o.e.m.j.i.AbstractJavaProjectConfigurator - Adding source folder /loan/src/test/java
2025-07-21 22:11:23,619 [Worker-4: Importing Maven projects] INFO  o.e.m.j.i.AbstractJavaProjectConfigurator - Adding resource folder /loan/src/test/resources
2025-07-21 22:11:24,319 [Worker-4: Importing Maven projects] INFO  o.e.m.c.i.p.ProjectConfigurationManager - Imported and configured 1 project(s) in 2 sec
2025-07-21 22:11:25,548 [Worker-15: Building] INFO  o.a.m.s.f.DefaultMavenResourcesFiltering - Copying 1 resource from src\main\resources to target\classes
2025-07-21 22:11:25,604 [Worker-15: Building] INFO  o.a.m.s.f.DefaultMavenResourcesFiltering - Copying 0 resource from src\main\resources to target\classes
2025-07-21 22:11:25,612 [Worker-15: Building] INFO  o.a.m.s.f.DefaultMavenResourcesFiltering - skip non existing resourceDirectory C:\Users\Admin\Documents\cognizant exercise output\Week 5\22ADR003\microservices\loan\src\test\resources
2025-07-21 22:11:51,417 [Worker-8: Building] INFO  o.a.m.s.f.DefaultMavenResourcesFiltering - Copying 1 resource from src\main\resources to target\classes
2025-07-21 22:11:51,428 [Worker-8: Building] INFO  o.a.m.s.f.DefaultMavenResourcesFiltering - Copying 0 resource from src\main\resources to target\classes
2025-07-21 22:11:51,433 [Worker-8: Building] INFO  o.a.m.s.f.DefaultMavenResourcesFiltering - skip non existing resourceDirectory C:\Users\Admin\Documents\cognizant exercise output\Week 5\22ADR003\microservices\loan\src\test\resources
2025-07-21 22:13:03,475 [Worker-14: Building] INFO  o.a.m.s.f.DefaultMavenResourcesFiltering - Copying 0 resource from src\main\resources to target\classes
2025-07-21 22:13:03,477 [Worker-14: Building] INFO  o.a.m.s.f.DefaultMavenResourcesFiltering - Copying 0 resource from src\main\resources to target\classes
2025-07-21 22:13:03,484 [Worker-14: Building] INFO  o.a.m.s.f.DefaultMavenResourcesFiltering - skip non existing resourceDirectory C:\Users\Admin\Documents\cognizant exercise output\Week 5\22ADR003\microservices\loan\src\test\resources
2025-07-21 22:13:19,093 [Worker-2: Building] INFO  o.a.m.s.f.DefaultMavenResourcesFiltering - Copying 1 resource from src\main\resources to target\classes
2025-07-21 22:13:19,211 [Worker-2: Building] INFO  o.a.m.s.f.DefaultMavenResourcesFiltering - Copying 0 resource from src\main\resources to target\classes
2025-07-21 22:13:19,228 [Worker-2: Building] INFO  o.a.m.s.f.DefaultMavenResourcesFiltering - skip non existing resourceDirectory C:\Users\Admin\Documents\cognizant exercise output\Week 5\22ADR003\microservices\loan\src\test\resources
2025-07-21 22:13:39,465 [Worker-2: Launching Executing test in C__Users_Admin_Documents_cognizant exercise output_Week 5_22ADR003_microservices_loan] INFO  o.eclipse.m2e.core.internal.Bundles - getClasspathEntries(Bundle=org.eclipse.m2e.maven.runtime_3.9.900.20250220-2013 [298])
2025-07-21 22:13:39,468 [Worker-2: Launching Executing test in C__Users_Admin_Documents_cognizant exercise output_Week 5_22ADR003_microservices_loan] INFO  o.eclipse.m2e.core.internal.Bundles - 	Entry: C:\Users\Admin\.p2\pool\plugins\org.eclipse.m2e.maven.runtime_3.9.900.20250220-2013
2025-07-21 22:13:39,469 [Worker-2: Launching Executing test in C__Users_Admin_Documents_cognizant exercise output_Week 5_22ADR003_microservices_loan] INFO  o.eclipse.m2e.core.internal.Bundles - 	Entry: C:\Users\Admin\.p2\pool\plugins\org.eclipse.m2e.maven.runtime_3.9.900.20250220-2013\jars\aopalliance-1.0.jar
2025-07-21 22:13:39,469 [Worker-2: Launching Executing test in C__Users_Admin_Documents_cognizant exercise output_Week 5_22ADR003_microservices_loan] INFO  o.eclipse.m2e.core.internal.Bundles - 	Entry: C:\Users\Admin\.p2\pool\plugins\org.eclipse.m2e.maven.runtime_3.9.900.20250220-2013\jars\guice-5.1.0.jar
2025-07-21 22:13:39,470 [Worker-2: Launching Executing test in C__Users_Admin_Documents_cognizant exercise output_Week 5_22ADR003_microservices_loan] INFO  o.eclipse.m2e.core.internal.Bundles - 	Entry: C:\Users\Admin\.p2\pool\plugins\org.eclipse.m2e.maven.runtime_3.9.900.20250220-2013\jars\httpclient-4.5.14.jar
2025-07-21 22:13:39,471 [Worker-2: Launching Executing test in C__Users_Admin_Documents_cognizant exercise output_Week 5_22ADR003_microservices_loan] INFO  o.eclipse.m2e.core.internal.Bundles - 	Entry: C:\Users\Admin\.p2\pool\plugins\org.eclipse.m2e.maven.runtime_3.9.900.20250220-2013\jars\httpcore-4.4.16.jar
2025-07-21 22:13:39,471 [Worker-2: Launching Executing test in C__Users_Admin_Documents_cognizant exercise output_Week 5_22ADR003_microservices_loan] INFO  o.eclipse.m2e.core.internal.Bundles - 	Entry: C:\Users\Admin\.p2\pool\plugins\org.eclipse.m2e.maven.runtime_3.9.900.20250220-2013\jars\jansi-2.4.1.jar
2025-07-21 22:13:39,472 [Worker-2: Launching Executing test in C__Users_Admin_Documents_cognizant exercise output_Week 5_22ADR003_microservices_loan] INFO  o.eclipse.m2e.core.internal.Bundles - 	Entry: C:\Users\Admin\.p2\pool\plugins\org.eclipse.m2e.maven.runtime_3.9.900.20250220-2013\jars\jcl-over-slf4j-1.7.36.jar
2025-07-21 22:13:39,472 [Worker-2: Launching Executing test in C__Users_Admin_Documents_cognizant exercise output_Week 5_22ADR003_microservices_loan] INFO  o.eclipse.m2e.core.internal.Bundles - 	Entry: C:\Users\Admin\.p2\pool\plugins\org.eclipse.m2e.maven.runtime_3.9.900.20250220-2013\jars\maven-artifact-3.9.9.jar
2025-07-21 22:13:39,473 [Worker-2: Launching Executing test in C__Users_Admin_Documents_cognizant exercise output_Week 5_22ADR003_microservices_loan] INFO  o.eclipse.m2e.core.internal.Bundles - 	Entry: C:\Users\Admin\.p2\pool\plugins\org.eclipse.m2e.maven.runtime_3.9.900.20250220-2013\jars\maven-builder-support-3.9.9.jar
2025-07-21 22:13:39,473 [Worker-2: Launching Executing test in C__Users_Admin_Documents_cognizant exercise output_Week 5_22ADR003_microservices_loan] INFO  o.eclipse.m2e.core.internal.Bundles - 	Entry: C:\Users\Admin\.p2\pool\plugins\org.eclipse.m2e.maven.runtime_3.9.900.20250220-2013\jars\maven-compat-3.9.9.jar
2025-07-21 22:13:39,474 [Worker-2: Launching Executing test in C__Users_Admin_Documents_cognizant exercise output_Week 5_22ADR003_microservices_loan] INFO  o.eclipse.m2e.core.internal.Bundles - 	Entry: C:\Users\Admin\.p2\pool\plugins\org.eclipse.m2e.maven.runtime_3.9.900.20250220-2013\jars\maven-core-3.9.9.jar
2025-07-21 22:13:39,474 [Worker-2: Launching Executing test in C__Users_Admin_Documents_cognizant exercise output_Week 5_22ADR003_microservices_loan] INFO  o.eclipse.m2e.core.internal.Bundles - 	Entry: C:\Users\Admin\.p2\pool\plugins\org.eclipse.m2e.maven.runtime_3.9.900.20250220-2013\jars\maven-embedder-3.9.9.jar
2025-07-21 22:13:39,474 [Worker-2: Launching Executing test in C__Users_Admin_Documents_cognizant exercise output_Week 5_22ADR003_microservices_loan] INFO  o.eclipse.m2e.core.internal.Bundles - 	Entry: C:\Users\Admin\.p2\pool\plugins\org.eclipse.m2e.maven.runtime_3.9.900.20250220-2013\jars\maven-model-3.9.9.jar
2025-07-21 22:13:39,475 [Worker-2: Launching Executing test in C__Users_Admin_Documents_cognizant exercise output_Week 5_22ADR003_microservices_loan] INFO  o.eclipse.m2e.core.internal.Bundles - 	Entry: C:\Users\Admin\.p2\pool\plugins\org.eclipse.m2e.maven.runtime_3.9.900.20250220-2013\jars\maven-model-builder-3.9.9.jar
2025-07-21 22:13:39,475 [Worker-2: Launching Executing test in C__Users_Admin_Documents_cognizant exercise output_Week 5_22ADR003_microservices_loan] INFO  o.eclipse.m2e.core.internal.Bundles - 	Entry: C:\Users\Admin\.p2\pool\plugins\org.eclipse.m2e.maven.runtime_3.9.900.20250220-2013\jars\maven-plugin-api-3.9.9.jar
2025-07-21 22:13:39,476 [Worker-2: Launching Executing test in C__Users_Admin_Documents_cognizant exercise output_Week 5_22ADR003_microservices_loan] INFO  o.eclipse.m2e.core.internal.Bundles - 	Entry: C:\Users\Admin\.p2\pool\plugins\org.eclipse.m2e.maven.runtime_3.9.900.20250220-2013\jars\maven-repository-metadata-3.9.9.jar
2025-07-21 22:13:39,476 [Worker-2: Launching Executing test in C__Users_Admin_Documents_cognizant exercise output_Week 5_22ADR003_microservices_loan] INFO  o.eclipse.m2e.core.internal.Bundles - 	Entry: C:\Users\Admin\.p2\pool\plugins\org.eclipse.m2e.maven.runtime_3.9.900.20250220-2013\jars\maven-resolver-api-1.9.22.jar
2025-07-21 22:13:39,477 [Worker-2: Launching Executing test in C__Users_Admin_Documents_cognizant exercise output_Week 5_22ADR003_microservices_loan] INFO  o.eclipse.m2e.core.internal.Bundles - 	Entry: C:\Users\Admin\.p2\pool\plugins\org.eclipse.m2e.maven.runtime_3.9.900.20250220-2013\jars\maven-resolver-connector-basic-1.9.22.jar
2025-07-21 22:13:39,477 [Worker-2: Launching Executing test in C__Users_Admin_Documents_cognizant exercise output_Week 5_22ADR003_microservices_loan] INFO  o.eclipse.m2e.core.internal.Bundles - 	Entry: C:\Users\Admin\.p2\pool\plugins\org.eclipse.m2e.maven.runtime_3.9.900.20250220-2013\jars\maven-resolver-impl-1.9.22.jar
2025-07-21 22:13:39,478 [Worker-2: Launching Executing test in C__Users_Admin_Documents_cognizant exercise output_Week 5_22ADR003_microservices_loan] INFO  o.eclipse.m2e.core.internal.Bundles - 	Entry: C:\Users\Admin\.p2\pool\plugins\org.eclipse.m2e.maven.runtime_3.9.900.20250220-2013\jars\maven-resolver-named-locks-1.9.22.jar
2025-07-21 22:13:39,478 [Worker-2: Launching Executing test in C__Users_Admin_Documents_cognizant exercise output_Week 5_22ADR003_microservices_loan] INFO  o.eclipse.m2e.core.internal.Bundles - 	Entry: C:\Users\Admin\.p2\pool\plugins\org.eclipse.m2e.maven.runtime_3.9.900.20250220-2013\jars\maven-resolver-provider-3.9.9.jar
2025-07-21 22:13:39,479 [Worker-2: Launching Executing test in C__Users_Admin_Documents_cognizant exercise output_Week 5_22ADR003_microservices_loan] INFO  o.eclipse.m2e.core.internal.Bundles - 	Entry: C:\Users\Admin\.p2\pool\plugins\org.eclipse.m2e.maven.runtime_3.9.900.20250220-2013\jars\maven-resolver-spi-1.9.22.jar
2025-07-21 22:13:39,479 [Worker-2: Launching Executing test in C__Users_Admin_Documents_cognizant exercise output_Week 5_22ADR003_microservices_loan] INFO  o.eclipse.m2e.core.internal.Bundles - 	Entry: C:\Users\Admin\.p2\pool\plugins\org.eclipse.m2e.maven.runtime_3.9.900.20250220-2013\jars\maven-resolver-transport-file-1.9.22.jar
2025-07-21 22:13:39,480 [Worker-2: Launching Executing test in C__Users_Admin_Documents_cognizant exercise output_Week 5_22ADR003_microservices_loan] INFO  o.eclipse.m2e.core.internal.Bundles - 	Entry: C:\Users\Admin\.p2\pool\plugins\org.eclipse.m2e.maven.runtime_3.9.900.20250220-2013\jars\maven-resolver-transport-http-1.9.22.jar
2025-07-21 22:13:39,480 [Worker-2: Launching Executing test in C__Users_Admin_Documents_cognizant exercise output_Week 5_22ADR003_microservices_loan] INFO  o.eclipse.m2e.core.internal.Bundles - 	Entry: C:\Users\Admin\.p2\pool\plugins\org.eclipse.m2e.maven.runtime_3.9.900.20250220-2013\jars\maven-resolver-transport-wagon-1.9.22.jar
2025-07-21 22:13:39,481 [Worker-2: Launching Executing test in C__Users_Admin_Documents_cognizant exercise output_Week 5_22ADR003_microservices_loan] INFO  o.eclipse.m2e.core.internal.Bundles - 	Entry: C:\Users\Admin\.p2\pool\plugins\org.eclipse.m2e.maven.runtime_3.9.900.20250220-2013\jars\maven-resolver-util-1.9.22.jar
2025-07-21 22:13:39,481 [Worker-2: Launching Executing test in C__Users_Admin_Documents_cognizant exercise output_Week 5_22ADR003_microservices_loan] INFO  o.eclipse.m2e.core.internal.Bundles - 	Entry: C:\Users\Admin\.p2\pool\plugins\org.eclipse.m2e.maven.runtime_3.9.900.20250220-2013\jars\maven-settings-3.9.9.jar
2025-07-21 22:13:39,482 [Worker-2: Launching Executing test in C__Users_Admin_Documents_cognizant exercise output_Week 5_22ADR003_microservices_loan] INFO  o.eclipse.m2e.core.internal.Bundles - 	Entry: C:\Users\Admin\.p2\pool\plugins\org.eclipse.m2e.maven.runtime_3.9.900.20250220-2013\jars\maven-settings-builder-3.9.9.jar
2025-07-21 22:13:39,482 [Worker-2: Launching Executing test in C__Users_Admin_Documents_cognizant exercise output_Week 5_22ADR003_microservices_loan] INFO  o.eclipse.m2e.core.internal.Bundles - 	Entry: C:\Users\Admin\.p2\pool\plugins\org.eclipse.m2e.maven.runtime_3.9.900.20250220-2013\jars\maven-shared-utils-3.4.2.jar
2025-07-21 22:13:39,483 [Worker-2: Launching Executing test in C__Users_Admin_Documents_cognizant exercise output_Week 5_22ADR003_microservices_loan] INFO  o.eclipse.m2e.core.internal.Bundles - 	Entry: C:\Users\Admin\.p2\pool\plugins\org.eclipse.m2e.maven.runtime_3.9.900.20250220-2013\jars\org.eclipse.sisu.inject-0.9.0.M3.jar
2025-07-21 22:13:39,483 [Worker-2: Launching Executing test in C__Users_Admin_Documents_cognizant exercise output_Week 5_22ADR003_microservices_loan] INFO  o.eclipse.m2e.core.internal.Bundles - 	Entry: C:\Users\Admin\.p2\pool\plugins\org.eclipse.m2e.maven.runtime_3.9.900.20250220-2013\jars\org.eclipse.sisu.plexus-0.9.0.M3.jar
2025-07-21 22:13:39,484 [Worker-2: Launching Executing test in C__Users_Admin_Documents_cognizant exercise output_Week 5_22ADR003_microservices_loan] INFO  o.eclipse.m2e.core.internal.Bundles - 	Entry: C:\Users\Admin\.p2\pool\plugins\org.eclipse.m2e.maven.runtime_3.9.900.20250220-2013\jars\plexus-build-api-0.0.7.jar
2025-07-21 22:13:39,485 [Worker-2: Launching Executing test in C__Users_Admin_Documents_cognizant exercise output_Week 5_22ADR003_microservices_loan] INFO  o.eclipse.m2e.core.internal.Bundles - 	Entry: C:\Users\Admin\.p2\pool\plugins\org.eclipse.m2e.maven.runtime_3.9.900.20250220-2013\jars\plexus-build-api-1.2.0.jar
2025-07-21 22:13:39,486 [Worker-2: Launching Executing test in C__Users_Admin_Documents_cognizant exercise output_Week 5_22ADR003_microservices_loan] INFO  o.eclipse.m2e.core.internal.Bundles - 	Entry: C:\Users\Admin\.p2\pool\plugins\org.eclipse.m2e.maven.runtime_3.9.900.20250220-2013\jars\plexus-cipher-2.0.jar
2025-07-21 22:13:39,486 [Worker-2: Launching Executing test in C__Users_Admin_Documents_cognizant exercise output_Week 5_22ADR003_microservices_loan] INFO  o.eclipse.m2e.core.internal.Bundles - 	Entry: C:\Users\Admin\.p2\pool\plugins\org.eclipse.m2e.maven.runtime_3.9.900.20250220-2013\jars\plexus-classworlds-2.8.0.jar
2025-07-21 22:13:39,487 [Worker-2: Launching Executing test in C__Users_Admin_Documents_cognizant exercise output_Week 5_22ADR003_microservices_loan] INFO  o.eclipse.m2e.core.internal.Bundles - 	Entry: C:\Users\Admin\.p2\pool\plugins\org.eclipse.m2e.maven.runtime_3.9.900.20250220-2013\jars\plexus-component-annotations-2.1.0.jar
2025-07-21 22:13:39,487 [Worker-2: Launching Executing test in C__Users_Admin_Documents_cognizant exercise output_Week 5_22ADR003_microservices_loan] INFO  o.eclipse.m2e.core.internal.Bundles - 	Entry: C:\Users\Admin\.p2\pool\plugins\org.eclipse.m2e.maven.runtime_3.9.900.20250220-2013\jars\plexus-interpolation-1.27.jar
2025-07-21 22:13:39,487 [Worker-2: Launching Executing test in C__Users_Admin_Documents_cognizant exercise output_Week 5_22ADR003_microservices_loan] INFO  o.eclipse.m2e.core.internal.Bundles - 	Entry: C:\Users\Admin\.p2\pool\plugins\org.eclipse.m2e.maven.runtime_3.9.900.20250220-2013\jars\plexus-sec-dispatcher-2.0.jar
2025-07-21 22:13:39,488 [Worker-2: Launching Executing test in C__Users_Admin_Documents_cognizant exercise output_Week 5_22ADR003_microservices_loan] INFO  o.eclipse.m2e.core.internal.Bundles - 	Entry: C:\Users\Admin\.p2\pool\plugins\org.eclipse.m2e.maven.runtime_3.9.900.20250220-2013\jars\plexus-utils-3.5.1.jar
2025-07-21 22:13:39,488 [Worker-2: Launching Executing test in C__Users_Admin_Documents_cognizant exercise output_Week 5_22ADR003_microservices_loan] INFO  o.eclipse.m2e.core.internal.Bundles - 	Entry: C:\Users\Admin\.p2\pool\plugins\org.eclipse.m2e.maven.runtime_3.9.900.20250220-2013\jars\plexus-xml-3.0.1.jar
2025-07-21 22:13:39,488 [Worker-2: Launching Executing test in C__Users_Admin_Documents_cognizant exercise output_Week 5_22ADR003_microservices_loan] INFO  o.eclipse.m2e.core.internal.Bundles - 	Entry: C:\Users\Admin\.p2\pool\plugins\org.eclipse.m2e.maven.runtime_3.9.900.20250220-2013\jars\wagon-file-3.5.3.jar
2025-07-21 22:13:39,489 [Worker-2: Launching Executing test in C__Users_Admin_Documents_cognizant exercise output_Week 5_22ADR003_microservices_loan] INFO  o.eclipse.m2e.core.internal.Bundles - 	Entry: C:\Users\Admin\.p2\pool\plugins\org.eclipse.m2e.maven.runtime_3.9.900.20250220-2013\jars\wagon-http-3.5.3.jar
2025-07-21 22:13:39,489 [Worker-2: Launching Executing test in C__Users_Admin_Documents_cognizant exercise output_Week 5_22ADR003_microservices_loan] INFO  o.eclipse.m2e.core.internal.Bundles - 	Entry: C:\Users\Admin\.p2\pool\plugins\org.eclipse.m2e.maven.runtime_3.9.900.20250220-2013\jars\wagon-http-shared-3.5.3.jar
2025-07-21 22:13:39,490 [Worker-2: Launching Executing test in C__Users_Admin_Documents_cognizant exercise output_Week 5_22ADR003_microservices_loan] INFO  o.eclipse.m2e.core.internal.Bundles - 	Entry: C:\Users\Admin\.p2\pool\plugins\org.eclipse.m2e.maven.runtime_3.9.900.20250220-2013\jars\wagon-provider-api-3.5.3.jar
2025-07-21 22:13:39,490 [Worker-2: Launching Executing test in C__Users_Admin_Documents_cognizant exercise output_Week 5_22ADR003_microservices_loan] INFO  o.eclipse.m2e.core.internal.Bundles - getClasspathEntries(Bundle=com.google.guava_33.4.8.jre [539])
2025-07-21 22:13:39,491 [Worker-2: Launching Executing test in C__Users_Admin_Documents_cognizant exercise output_Week 5_22ADR003_microservices_loan] INFO  o.eclipse.m2e.core.internal.Bundles - 	Entry: C:\Users\Admin\.p2\pool\plugins\com.google.guava_33.4.8.jre.jar
2025-07-21 22:13:39,491 [Worker-2: Launching Executing test in C__Users_Admin_Documents_cognizant exercise output_Week 5_22ADR003_microservices_loan] INFO  o.eclipse.m2e.core.internal.Bundles - getClasspathEntries(Bundle=slf4j.api_2.0.17 [522])
2025-07-21 22:13:39,492 [Worker-2: Launching Executing test in C__Users_Admin_Documents_cognizant exercise output_Week 5_22ADR003_microservices_loan] INFO  o.eclipse.m2e.core.internal.Bundles - 	Entry: C:\Users\Admin\.p2\pool\plugins\slf4j.api_2.0.17.jar
2025-07-21 22:13:39,492 [Worker-2: Launching Executing test in C__Users_Admin_Documents_cognizant exercise output_Week 5_22ADR003_microservices_loan] INFO  o.eclipse.m2e.core.internal.Bundles - getClasspathEntries(Bundle=jakarta.inject.jakarta.inject-api_1.0.5 [24])
2025-07-21 22:13:39,493 [Worker-2: Launching Executing test in C__Users_Admin_Documents_cognizant exercise output_Week 5_22ADR003_microservices_loan] INFO  o.eclipse.m2e.core.internal.Bundles - 	Entry: C:\Users\Admin\.p2\pool\plugins\jakarta.inject.jakarta.inject-api_1.0.5.jar
2025-07-21 22:13:39,493 [Worker-2: Launching Executing test in C__Users_Admin_Documents_cognizant exercise output_Week 5_22ADR003_microservices_loan] INFO  o.eclipse.m2e.core.internal.Bundles - getClasspathEntries(Bundle=javax.annotation_1.3.5.v20200909-1856 [549])
2025-07-21 22:13:39,494 [Worker-2: Launching Executing test in C__Users_Admin_Documents_cognizant exercise output_Week 5_22ADR003_microservices_loan] INFO  o.eclipse.m2e.core.internal.Bundles - 	Entry: C:\Users\Admin\.p2\pool\plugins\javax.annotation_1.3.5.v20200909-1856.jar
2025-07-21 22:13:39,494 [Worker-2: Launching Executing test in C__Users_Admin_Documents_cognizant exercise output_Week 5_22ADR003_microservices_loan] INFO  o.eclipse.m2e.core.internal.Bundles - getClasspathEntries(Bundle=org.apache.commons.cli_1.9.0 [48])
2025-07-21 22:13:39,495 [Worker-2: Launching Executing test in C__Users_Admin_Documents_cognizant exercise output_Week 5_22ADR003_microservices_loan] INFO  o.eclipse.m2e.core.internal.Bundles - 	Entry: C:\Users\Admin\.p2\pool\plugins\org.apache.commons.cli_1.9.0.jar
2025-07-21 22:13:39,495 [Worker-2: Launching Executing test in C__Users_Admin_Documents_cognizant exercise output_Week 5_22ADR003_microservices_loan] INFO  o.eclipse.m2e.core.internal.Bundles - getClasspathEntries(Bundle=org.apache.commons.commons-codec_1.16.0 [49])
2025-07-21 22:13:39,496 [Worker-2: Launching Executing test in C__Users_Admin_Documents_cognizant exercise output_Week 5_22ADR003_microservices_loan] INFO  o.eclipse.m2e.core.internal.Bundles - 	Entry: C:\Users\Admin\.p2\pool\plugins\org.apache.commons.commons-codec_1.16.0.jar
2025-07-21 22:13:39,496 [Worker-2: Launching Executing test in C__Users_Admin_Documents_cognizant exercise output_Week 5_22ADR003_microservices_loan] INFO  o.eclipse.m2e.core.internal.Bundles - getClasspathEntries(Bundle=com.google.guava.failureaccess_1.0.3 [540])
2025-07-21 22:13:39,497 [Worker-2: Launching Executing test in C__Users_Admin_Documents_cognizant exercise output_Week 5_22ADR003_microservices_loan] INFO  o.eclipse.m2e.core.internal.Bundles - 	Entry: C:\Users\Admin\.p2\pool\plugins\com.google.guava.failureaccess_1.0.3.jar
2025-07-21 22:13:39,500 [Worker-2: Launching Executing test in C__Users_Admin_Documents_cognizant exercise output_Week 5_22ADR003_microservices_loan] INFO  o.e.m.i.launch.MavenLaunchDelegate - Run build in "C:\Users\Admin\Documents\cognizant exercise output\Week 5\22ADR003\microservices\loan":
2025-07-21 22:13:39,500 [Worker-2: Launching Executing test in C__Users_Admin_Documents_cognizant exercise output_Week 5_22ADR003_microservices_loan] INFO  o.e.m.i.launch.MavenLaunchDelegate -  mvn  -B -Dstyle.color=always test
2025-07-21 22:13:55,971 [Worker-13: Building] INFO  o.a.m.s.f.DefaultMavenResourcesFiltering - Copying 1 resource from src\main\resources to target\classes
2025-07-21 22:13:55,978 [Worker-13: Building] INFO  o.a.m.s.f.DefaultMavenResourcesFiltering - Copying 0 resource from src\main\resources to target\classes
2025-07-21 22:13:55,987 [Worker-13: Building] INFO  o.a.m.s.f.DefaultMavenResourcesFiltering - skip non existing resourceDirectory C:\Users\Admin\Documents\cognizant exercise output\Week 5\22ADR003\microservices\loan\src\test\resources
2025-07-21 22:18:44,207 [Worker-16: Building] INFO  o.a.m.s.f.DefaultMavenResourcesFiltering - Copying 1 resource from src\main\resources to target\classes
2025-07-21 22:18:44,219 [Worker-16: Building] INFO  o.a.m.s.f.DefaultMavenResourcesFiltering - Copying 0 resource from src\main\resources to target\classes
2025-07-21 22:18:44,225 [Worker-16: Building] INFO  o.a.m.s.f.DefaultMavenResourcesFiltering - skip non existing resourceDirectory C:\Users\Admin\Documents\cognizant exercise output\Week 5\22ADR003\microservices\loan\src\test\resources
2025-07-21 22:20:18,735 [Worker-2: Updating Maven Project] INFO  o.e.m.c.i.p.ProjectConfigurationManager - Update started
2025-07-21 22:20:19,523 [Worker-2: Updating Maven Project] INFO  o.e.m.c.i.l.LifecycleMappingFactory - Using org.eclipse.m2e.jdt.JarLifecycleMapping lifecycle mapping for MavenProject: com.cognizant:loan:0.0.1-SNAPSHOT @ C:\Users\Admin\Documents\cognizant exercise output\Week 5\22ADR003\microservices\loan\pom.xml.
2025-07-21 22:20:20,329 [Worker-2: Updating Maven Project] INFO  o.e.m.j.i.AbstractJavaProjectConfigurator - Adding source folder /loan/src/main/java
2025-07-21 22:20:20,330 [Worker-2: Updating Maven Project] INFO  o.e.m.j.i.AbstractJavaProjectConfigurator - Adding resource folder /loan/src/main/resources
2025-07-21 22:20:20,332 [Worker-2: Updating Maven Project] INFO  o.e.m.j.i.AbstractJavaProjectConfigurator - Adding resource folder /loan/src/main/resources
2025-07-21 22:20:20,332 [Worker-2: Updating Maven Project] INFO  o.e.m.j.i.AbstractJavaProjectConfigurator - Adding source folder /loan/src/test/java
2025-07-21 22:20:20,333 [Worker-2: Updating Maven Project] INFO  o.e.m.j.i.AbstractJavaProjectConfigurator - Adding resource folder /loan/src/test/resources
2025-07-21 22:20:20,783 [Worker-2: Updating Maven Project] INFO  o.e.m.c.i.p.ProjectConfigurationManager - Update completed for 1 poms: local refresh takes 0.00 sec, refresh facades takes 1.00 sec, update config takes 0.00 sec 
2025-07-21 22:20:21,170 [Worker-4: Building] INFO  o.a.m.s.f.DefaultMavenResourcesFiltering - Copying 1 resource from src\main\resources to target\classes
2025-07-21 22:20:21,190 [Worker-4: Building] INFO  o.a.m.s.f.DefaultMavenResourcesFiltering - Copying 0 resource from src\main\resources to target\classes
2025-07-21 22:20:21,199 [Worker-4: Building] INFO  o.a.m.s.f.DefaultMavenResourcesFiltering - skip non existing resourceDirectory C:\Users\Admin\Documents\cognizant exercise output\Week 5\22ADR003\microservices\loan\src\test\resources
2025-07-21 22:21:54,857 [Worker-19: Building] INFO  o.a.m.s.f.DefaultMavenResourcesFiltering - Copying 1 resource from src\main\resources to target\classes
2025-07-21 22:21:54,868 [Worker-19: Building] INFO  o.a.m.s.f.DefaultMavenResourcesFiltering - Copying 0 resource from src\main\resources to target\classes
2025-07-21 22:21:54,874 [Worker-19: Building] INFO  o.a.m.s.f.DefaultMavenResourcesFiltering - skip non existing resourceDirectory C:\Users\Admin\Documents\cognizant exercise output\Week 5\22ADR003\microservices\loan\src\test\resources
2025-07-21 22:23:53,126 [Worker-2: Updating Maven Dependencies] ERROR o.e.m.j.i.l.MavenLaunchConfigurationListener - Launch configuration SpringApplication references non-existing project loan.
org.eclipse.core.runtime.CoreException: Launch configuration SpringApplication references non-existing project loan.
	at org.eclipse.jdt.launching.JavaRuntime.abort(JavaRuntime.java:1870)
	at org.eclipse.jdt.launching.JavaRuntime.getJavaProject(JavaRuntime.java:1747)
	at org.eclipse.m2e.jdt.internal.launch.MavenLaunchConfigurationListener.updateLaunchConfiguration(MavenLaunchConfigurationListener.java:66)
	at org.eclipse.m2e.jdt.internal.launch.MavenLaunchConfigurationListener.launchConfigurationChanged(MavenLaunchConfigurationListener.java:52)
	at org.eclipse.debug.internal.core.LaunchManager$ConfigurationNotifier.run(LaunchManager.java:220)
	at org.eclipse.core.runtime.SafeRunner.run(SafeRunner.java:47)
	at org.eclipse.debug.internal.core.LaunchManager$ConfigurationNotifier.notify(LaunchManager.java:204)
	at org.eclipse.debug.internal.core.LaunchConfigurationWorkingCopy.setDirty(LaunchConfigurationWorkingCopy.java:527)
	at org.eclipse.debug.internal.core.LaunchConfigurationWorkingCopy.setAttribute(LaunchConfigurationWorkingCopy.java:415)
	at org.eclipse.m2e.jdt.internal.launch.MavenRuntimeClasspathProvider.disable(MavenRuntimeClasspathProvider.java:409)
	at org.eclipse.m2e.jdt.internal.launch.MavenRuntimeClasspathProvider.disable(MavenRuntimeClasspathProvider.java:435)
	at org.eclipse.m2e.jdt.internal.launch.MavenLaunchConfigurationListener.mavenProjectChanged(MavenLaunchConfigurationListener.java:137)
	at org.eclipse.m2e.core.internal.project.registry.ProjectRegistryManager.notifyProjectChangeListeners(ProjectRegistryManager.java:892)
	at org.eclipse.m2e.core.internal.project.registry.ProjectRegistryManager.applyMutableProjectRegistry(ProjectRegistryManager.java:1042)
	at org.eclipse.m2e.core.internal.project.registry.ProjectRegistryRefreshJob.lambda$0(ProjectRegistryRefreshJob.java:162)
	at org.eclipse.m2e.core.internal.embedder.MavenExecutionContext.executeBare(MavenExecutionContext.java:458)
	at org.eclipse.m2e.core.internal.embedder.MavenExecutionContext.execute(MavenExecutionContext.java:339)
	at org.eclipse.m2e.core.internal.embedder.MavenExecutionContext.execute(MavenExecutionContext.java:278)
	at org.eclipse.m2e.core.internal.project.registry.ProjectRegistryRefreshJob.run(ProjectRegistryRefreshJob.java:106)
	at org.eclipse.core.internal.jobs.Worker.run(Worker.java:63)
2025-07-21 22:23:53,154 [Worker-2: Updating Maven Dependencies] ERROR o.e.m.j.i.l.MavenLaunchConfigurationListener - Launch configuration SpringApplication references non-existing project loan.
org.eclipse.core.runtime.CoreException: Launch configuration SpringApplication references non-existing project loan.
	at org.eclipse.jdt.launching.JavaRuntime.abort(JavaRuntime.java:1870)
	at org.eclipse.jdt.launching.JavaRuntime.getJavaProject(JavaRuntime.java:1747)
	at org.eclipse.m2e.jdt.internal.launch.MavenLaunchConfigurationListener.updateLaunchConfiguration(MavenLaunchConfigurationListener.java:66)
	at org.eclipse.m2e.jdt.internal.launch.MavenLaunchConfigurationListener.launchConfigurationChanged(MavenLaunchConfigurationListener.java:52)
	at org.eclipse.debug.internal.core.LaunchManager$ConfigurationNotifier.run(LaunchManager.java:220)
	at org.eclipse.core.runtime.SafeRunner.run(SafeRunner.java:47)
	at org.eclipse.debug.internal.core.LaunchManager$ConfigurationNotifier.notify(LaunchManager.java:204)
	at org.eclipse.debug.internal.core.LaunchConfigurationWorkingCopy.setDirty(LaunchConfigurationWorkingCopy.java:527)
	at org.eclipse.debug.internal.core.LaunchConfigurationWorkingCopy.setAttribute(LaunchConfigurationWorkingCopy.java:415)
	at org.eclipse.m2e.jdt.internal.launch.MavenRuntimeClasspathProvider.disable(MavenRuntimeClasspathProvider.java:410)
	at org.eclipse.m2e.jdt.internal.launch.MavenRuntimeClasspathProvider.disable(MavenRuntimeClasspathProvider.java:435)
	at org.eclipse.m2e.jdt.internal.launch.MavenLaunchConfigurationListener.mavenProjectChanged(MavenLaunchConfigurationListener.java:137)
	at org.eclipse.m2e.core.internal.project.registry.ProjectRegistryManager.notifyProjectChangeListeners(ProjectRegistryManager.java:892)
	at org.eclipse.m2e.core.internal.project.registry.ProjectRegistryManager.applyMutableProjectRegistry(ProjectRegistryManager.java:1042)
	at org.eclipse.m2e.core.internal.project.registry.ProjectRegistryRefreshJob.lambda$0(ProjectRegistryRefreshJob.java:162)
	at org.eclipse.m2e.core.internal.embedder.MavenExecutionContext.executeBare(MavenExecutionContext.java:458)
	at org.eclipse.m2e.core.internal.embedder.MavenExecutionContext.execute(MavenExecutionContext.java:339)
	at org.eclipse.m2e.core.internal.embedder.MavenExecutionContext.execute(MavenExecutionContext.java:278)
	at org.eclipse.m2e.core.internal.project.registry.ProjectRegistryRefreshJob.run(ProjectRegistryRefreshJob.java:106)
	at org.eclipse.core.internal.jobs.Worker.run(Worker.java:63)
2025-07-21 22:23:53,183 [Worker-2: Updating Maven Dependencies] ERROR o.e.m.j.i.l.MavenLaunchConfigurationListener - Launch configuration SpringApplication references non-existing project loan.
org.eclipse.core.runtime.CoreException: Launch configuration SpringApplication references non-existing project loan.
	at org.eclipse.jdt.launching.JavaRuntime.abort(JavaRuntime.java:1870)
	at org.eclipse.jdt.launching.JavaRuntime.getJavaProject(JavaRuntime.java:1747)
	at org.eclipse.m2e.jdt.internal.launch.MavenLaunchConfigurationListener.updateLaunchConfiguration(MavenLaunchConfigurationListener.java:66)
	at org.eclipse.m2e.jdt.internal.launch.MavenLaunchConfigurationListener.launchConfigurationChanged(MavenLaunchConfigurationListener.java:52)
	at org.eclipse.debug.internal.core.LaunchManager$ConfigurationNotifier.run(LaunchManager.java:220)
	at org.eclipse.core.runtime.SafeRunner.run(SafeRunner.java:47)
	at org.eclipse.debug.internal.core.LaunchManager$ConfigurationNotifier.notify(LaunchManager.java:204)
	at org.eclipse.debug.internal.core.LaunchManager.launchConfigurationChanged(LaunchManager.java:2010)
	at org.eclipse.debug.internal.core.LaunchConfigurationWorkingCopy.writeNewFile(LaunchConfigurationWorkingCopy.java:380)
	at org.eclipse.debug.internal.core.LaunchConfigurationWorkingCopy.doSave0(LaunchConfigurationWorkingCopy.java:259)
	at org.eclipse.debug.internal.core.LaunchConfigurationWorkingCopy.doSave(LaunchConfigurationWorkingCopy.java:229)
	at org.eclipse.debug.internal.core.LaunchConfigurationWorkingCopy.doSave(LaunchConfigurationWorkingCopy.java:187)
	at org.eclipse.m2e.jdt.internal.launch.MavenRuntimeClasspathProvider.disable(MavenRuntimeClasspathProvider.java:411)
	at org.eclipse.m2e.jdt.internal.launch.MavenRuntimeClasspathProvider.disable(MavenRuntimeClasspathProvider.java:435)
	at org.eclipse.m2e.jdt.internal.launch.MavenLaunchConfigurationListener.mavenProjectChanged(MavenLaunchConfigurationListener.java:137)
	at org.eclipse.m2e.core.internal.project.registry.ProjectRegistryManager.notifyProjectChangeListeners(ProjectRegistryManager.java:892)
	at org.eclipse.m2e.core.internal.project.registry.ProjectRegistryManager.applyMutableProjectRegistry(ProjectRegistryManager.java:1042)
	at org.eclipse.m2e.core.internal.project.registry.ProjectRegistryRefreshJob.lambda$0(ProjectRegistryRefreshJob.java:162)
	at org.eclipse.m2e.core.internal.embedder.MavenExecutionContext.executeBare(MavenExecutionContext.java:458)
	at org.eclipse.m2e.core.internal.embedder.MavenExecutionContext.execute(MavenExecutionContext.java:339)
	at org.eclipse.m2e.core.internal.embedder.MavenExecutionContext.execute(MavenExecutionContext.java:278)
	at org.eclipse.m2e.core.internal.project.registry.ProjectRegistryRefreshJob.run(ProjectRegistryRefreshJob.java:106)
	at org.eclipse.core.internal.jobs.Worker.run(Worker.java:63)
2025-07-21 22:24:14,160 [Worker-14: Importing Maven projects] INFO  o.e.m.c.i.l.LifecycleMappingFactory - Using org.eclipse.m2e.jdt.JarLifecycleMapping lifecycle mapping for MavenProject: com.cognizant:loan:0.0.1-SNAPSHOT @ C:\Users\Admin\Documents\cognizant exercise output\Week 5\22ADR003\microservices\loan\pom.xml.
2025-07-21 22:24:16,479 [Worker-14: Importing Maven projects] INFO  o.e.m.j.i.AbstractJavaProjectConfigurator - Adding source folder /loan/src/main/java
2025-07-21 22:24:16,481 [Worker-14: Importing Maven projects] INFO  o.e.m.j.i.AbstractJavaProjectConfigurator - Adding resource folder /loan/src/main/resources
2025-07-21 22:24:16,485 [Worker-14: Importing Maven projects] INFO  o.e.m.j.i.AbstractJavaProjectConfigurator - Adding resource folder /loan/src/main/resources
2025-07-21 22:24:16,491 [Worker-14: Importing Maven projects] INFO  o.e.m.j.i.AbstractJavaProjectConfigurator - Adding source folder /loan/src/test/java
2025-07-21 22:24:16,494 [Worker-14: Importing Maven projects] INFO  o.e.m.j.i.AbstractJavaProjectConfigurator - Adding resource folder /loan/src/test/resources
2025-07-21 22:24:16,963 [Worker-14: Importing Maven projects] INFO  o.e.m.c.i.p.ProjectConfigurationManager - Imported and configured 1 project(s) in 3 sec
2025-07-21 22:24:17,792 [Worker-21: Building] INFO  o.a.m.s.f.DefaultMavenResourcesFiltering - Copying 1 resource from src\main\resources to target\classes
2025-07-21 22:24:17,810 [Worker-21: Building] INFO  o.a.m.s.f.DefaultMavenResourcesFiltering - Copying 0 resource from src\main\resources to target\classes
2025-07-21 22:24:17,818 [Worker-21: Building] INFO  o.a.m.s.f.DefaultMavenResourcesFiltering - skip non existing resourceDirectory C:\Users\Admin\Documents\cognizant exercise output\Week 5\22ADR003\microservices\loan\src\test\resources
2025-07-21 22:25:01,110 [Worker-18: Building] INFO  o.a.m.s.f.DefaultMavenResourcesFiltering - Copying 1 resource from src\main\resources to target\classes
2025-07-21 22:25:01,178 [Worker-18: Building] INFO  o.a.m.s.f.DefaultMavenResourcesFiltering - Copying 0 resource from src\main\resources to target\classes
2025-07-21 22:25:01,187 [Worker-18: Building] INFO  o.a.m.s.f.DefaultMavenResourcesFiltering - skip non existing resourceDirectory C:\Users\Admin\Documents\cognizant exercise output\Week 5\22ADR003\microservices\loan\src\test\resources
2025-07-21 22:27:59,200 [Worker-14: Building] INFO  o.a.m.s.f.DefaultMavenResourcesFiltering - Copying 1 resource from src\main\resources to target\classes
2025-07-21 22:27:59,213 [Worker-14: Building] INFO  o.a.m.s.f.DefaultMavenResourcesFiltering - Copying 0 resource from src\main\resources to target\classes
2025-07-21 22:27:59,219 [Worker-14: Building] INFO  o.a.m.s.f.DefaultMavenResourcesFiltering - skip non existing resourceDirectory C:\Users\Admin\Documents\cognizant exercise output\Week 5\22ADR003\microservices\loan\src\test\resources
2025-07-21 22:29:08,699 [Worker-21: Updating Maven Project] INFO  o.e.m.c.i.p.ProjectConfigurationManager - Update started
2025-07-21 22:29:09,322 [Worker-21: Updating Maven Project] INFO  o.e.m.c.i.l.LifecycleMappingFactory - Using org.eclipse.m2e.jdt.JarLifecycleMapping lifecycle mapping for MavenProject: com.cognizant:loan:0.0.1-SNAPSHOT @ C:\Users\Admin\Documents\cognizant exercise output\Week 5\22ADR003\microservices\loan\pom.xml.
2025-07-21 22:29:10,100 [Worker-21: Updating Maven Project] INFO  o.e.m.j.i.AbstractJavaProjectConfigurator - Adding source folder /loan/src/main/java
2025-07-21 22:29:10,101 [Worker-21: Updating Maven Project] INFO  o.e.m.j.i.AbstractJavaProjectConfigurator - Adding resource folder /loan/src/main/resources
2025-07-21 22:29:10,102 [Worker-21: Updating Maven Project] INFO  o.e.m.j.i.AbstractJavaProjectConfigurator - Adding resource folder /loan/src/main/resources
2025-07-21 22:29:10,103 [Worker-21: Updating Maven Project] INFO  o.e.m.j.i.AbstractJavaProjectConfigurator - Adding source folder /loan/src/test/java
2025-07-21 22:29:10,105 [Worker-21: Updating Maven Project] INFO  o.e.m.j.i.AbstractJavaProjectConfigurator - Adding resource folder /loan/src/test/resources
2025-07-21 22:29:10,571 [Worker-21: Updating Maven Project] INFO  o.e.m.c.i.p.ProjectConfigurationManager - Update completed for 1 poms: local refresh takes 0.00 sec, refresh facades takes 1.00 sec, update config takes 0.00 sec 
2025-07-21 22:29:10,939 [Worker-22: Building] INFO  o.a.m.s.f.DefaultMavenResourcesFiltering - Copying 1 resource from src\main\resources to target\classes
2025-07-21 22:29:10,962 [Worker-22: Building] INFO  o.a.m.s.f.DefaultMavenResourcesFiltering - Copying 0 resource from src\main\resources to target\classes
2025-07-21 22:29:10,970 [Worker-22: Building] INFO  o.a.m.s.f.DefaultMavenResourcesFiltering - skip non existing resourceDirectory C:\Users\Admin\Documents\cognizant exercise output\Week 5\22ADR003\microservices\loan\src\test\resources
2025-07-21 22:29:21,077 [Worker-18: Building] INFO  o.a.m.s.f.DefaultMavenResourcesFiltering - Copying 0 resource from src\main\resources to target\classes
2025-07-21 22:29:21,080 [Worker-18: Building] INFO  o.a.m.s.f.DefaultMavenResourcesFiltering - Copying 0 resource from src\main\resources to target\classes
2025-07-21 22:29:21,085 [Worker-18: Building] INFO  o.a.m.s.f.DefaultMavenResourcesFiltering - skip non existing resourceDirectory C:\Users\Admin\Documents\cognizant exercise output\Week 5\22ADR003\microservices\loan\src\test\resources
2025-07-21 22:29:34,041 [Worker-22: Building] INFO  o.a.m.s.f.DefaultMavenResourcesFiltering - Copying 1 resource from src\main\resources to target\classes
2025-07-21 22:29:34,050 [Worker-22: Building] INFO  o.a.m.s.f.DefaultMavenResourcesFiltering - Copying 0 resource from src\main\resources to target\classes
2025-07-21 22:29:34,055 [Worker-22: Building] INFO  o.a.m.s.f.DefaultMavenResourcesFiltering - skip non existing resourceDirectory C:\Users\Admin\Documents\cognizant exercise output\Week 5\22ADR003\microservices\loan\src\test\resources
